26:46 [[31merror[39m] read ECONNRESET
05:59:19 [[31merror[39m] An Error while trying to connect to databse ==> Error: connect ETIMEDOUT
=======
18:45:41 [[31merror[39m] An Error while trying to connect to databse ==> Error: connect ETIMEDOUT
19:11:35 [[31merror[39m] An Error while trying to connect to databse ==> Error: connect ETIMEDOUT
19:27:07 [[31merror[39m] An Error while trying to connect to databse ==> Error: connect ETIMEDOUT
19:27:46 [[31merror[39m] An Error while trying to connect to databse ==> Error: connect ETIMEDOUT
13:13:41 [[31merror[39m] read ECONNRESET
13:38:35 [[31merror[39m] read ECONNRESET
14:10:25 [[31merror[39m] read ECONNRESET
16:23:08 [[31merror[39m] read ECONNRESET
17:11:26 [[31merror[39m] Error while Generating Avaate by Name :  , err => option name is required
17:14:39 [[31merror[39m] Error while Generating Avaate by Name : LLC , err => ReferenceError: UploadBuffer is not defined
20:51:42 [[31merror[39m] read ECONNRESET
22:01:23 [[31merror[39m] read ECONNRESET
19:24:27 [[31merror[39m] read ECONNRESET
08:32:53 [[31merror[39m] read ECONNRESET
09:47:54 [[31merror[39m] read ECONNRESET
10:23:18 [[31merror[39m] read ECONNRESET
10:40:15 [[31merror[39m] read ECONNRESET
11:06:00 [[31merror[39m] read ECONNRESET
15:33:43 [[31merror[39m] read ECONNRESET
16:28:41 [[31merror[39m] read ECONNRESET
21:06:48 [[31merror[39m] read ECONNRESET
22:03:11 [[31merror[39m] read ECONNRESET
22:29:16 [[31merror[39m] read ECONNRESET
22:45:32 [[31merror[39m] read ECONNRESET
23:06:31 [[31merror[39m] read ECONNRESET
23:52:36 [[31merror[39m] read ECONNRESET
00:19:35 [[31merror[39m] read ECONNRESET
01:54:37 [[31merror[39m] read ECONNRESET
02:25:49 [[31merror[39m] read ECONNRESET
11:50:59 [[31merror[39m] read ECONNRESET
12:25:50 [[31merror[39m] read ECONNRESET
12:32:04 [[31merror[39m] read ECONNRESET
13:20:11 [[31merror[39m] read ECONNRESET
14:31:21 [[31merror[39m] read ECONNRESET
15:29:12 [[31merror[39m] read ECONNRESET
16:23:33 [[31merror[39m] read ECONNRESET
17:07:51 [[31merror[39m] read ECONNRESET
17:42:50 [[31merror[39m] read ECONNRESET
19:17:53 [[31merror[39m] read ECONNRESET
20:06:49 [[31merror[39m] read ECONNRESET
21:27:41 [[31merror[39m] read ECONNRESET
21:45:43 [[31merror[39m] read ECONNRESET
22:06:45 [[31merror[39m] read ECONNRESET
22:18:47 [[31merror[39m] read ECONNRESET
22:25:39 [[31merror[39m] read ECONNRESET
22:37:59 [[31merror[39m] read ECONNRESET
22:48:55 [[31merror[39m] read ECONNRESET
00:54:27 [[31merror[39m] read ECONNRESET
01:00:50 [[31merror[39m] read ECONNRESET
01:07:12 [[31merror[39m] read ECONNRESET
01:13:19 [[31merror[39m] read ECONNRESET
01:24:46 [[31merror[39m] read ECONNRESET
01:42:55 [[31merror[39m] read ECONNRESET
17:39:26 [[31merror[39m] read ECONNRESET
09:50:08 [[31merror[39m] read ECONNRESET
10:09:04 [[31merror[39m] read ECONNRESET
10:57:52 [[31merror[39m] read ECONNRESET
11:13:19 [[31merror[39m] read ECONNRESET
12:36:38 [[31merror[39m] read ECONNRESET
14:48:47 [[31merror[39m] read ECONNRESET
15:32:28 [[31merror[39m] read ECONNRESET
15:39:55 [[31merror[39m] read ECONNRESET
16:57:59 [[31merror[39m] read ECONNRESET
17:04:54 [[31merror[39m] read ECONNRESET
17:32:39 [[31merror[39m] read ECONNRESET
21:01:34 [[31merror[39m] read ECONNRESET
21:48:28 [[31merror[39m] read ECONNRESET
22:06:12 [[31merror[39m] read ECONNRESET
22:23:21 [[31merror[39m] read ECONNRESET
22:34:17 [[31merror[39m] read ECONNRESET
22:41:32 [[31merror[39m] read ECONNRESET
22:53:58 [[31merror[39m] read ECONNRESET
23:01:06 [[31merror[39m] read ECONNRESET
23:15:08 [[31merror[39m] read ECONNRESET
23:27:04 [[31merror[39m] read ECONNRESET
14:56:10 [[31merror[39m] read ECONNRESET
15:12:25 [[31merror[39m] read ECONNRESET
15:21:18 [[31merror[39m] read ECONNRESET
15:53:43 [[31merror[39m] read ECONNRESET
16:51:55 [[31merror[39m] read ECONNRESET
17:56:57 [[31merror[39m] read ECONNRESET
18:56:55 [[31merror[39m] read ECONNRESET
22:02:58 [[31merror[39m] read ECONNRESET
22:37:15 [[31merror[39m] read ECONNRESET
22:48:12 [[31merror[39m] read ECONNRESET
00:17:56 [[31merror[39m] read ECONNRESET
02:20:50 [[31merror[39m] read ECONNRESET
12:50:53 [[31merror[39m] read ECONNRESET
15:40:03 [[31merror[39m] read ECONNRESET
16:36:03 [[31merror[39m] read ECONNRESET
17:50:39 [[31merror[39m] read ECONNRESET
18:07:43 [[31merror[39m] read ECONNRESET
18:30:01 [[31merror[39m] read ECONNRESET
00:00:31 [[31merror[39m] read ECONNRESET
00:12:52 [[31merror[39m] read ECONNRESET
00:20:31 [[31merror[39m] read ECONNRESET
14:09:20 [[31merror[39m] read ECONNRESET
01:01:41 [[31merror[39m] read ECONNRESET
01:09:15 [[31merror[39m] read ECONNRESET
15:30:32 [[31merror[39m] read ECONNRESET
15:36:49 [[31merror[39m] read ECONNRESET
15:44:59 [[31merror[39m] read ECONNRESET
15:52:09 [[31merror[39m] read ECONNRESET
15:58:04 [[31merror[39m] read ECONNRESET
16:07:32 [[31merror[39m] read ECONNRESET
16:14:14 [[31merror[39m] read ECONNRESET
17:38:57 [[31merror[39m] read ECONNRESET
17:52:44 [[31merror[39m] read ECONNRESET
19:13:13 [[31merror[39m] read ECONNRESET
20:23:27 [[31merror[39m] read ECONNRESET
20:44:49 [[31merror[39m] read ECONNRESET
00:12:08 [[31merror[39m] read ECONNRESET
00:23:15 [[31merror[39m] read ECONNRESET
03:31:32 [[31merror[39m] read ECONNRESET
03:42:38 [[31merror[39m] read ECONNRESET
18:26:40 [[31merror[39m] read ECONNRESET
21:24:25 [[31merror[39m] read ECONNRESET
22:00:58 [[31merror[39m] read ECONNRESET
22:32:34 [[31merror[39m] read ECONNRESET
00:22:46 [[31merror[39m] read ECONNRESET
00:28:42 [[31merror[39m] read ECONNRESET
00:35:45 [[31merror[39m] read ECONNRESET
00:42:24 [[31merror[39m] read ECONNRESET
00:49:11 [[31merror[39m] read ECONNRESET
00:56:26 [[31merror[39m] read ECONNRESET
01:30:23 [[31merror[39m] read ECONNRESET
01:46:55 [[31merror[39m] read ECONNRESET
03:24:14 [[31merror[39m] read ECONNRESET
15:51:48 [[31merror[39m] read ECONNRESET
16:13:04 [[31merror[39m] read ECONNRESET
16:58:16 [[31merror[39m] read ECONNRESET
18:28:43 [[31merror[39m] read ECONNRESET
18:40:39 [[31merror[39m] read ECONNRESET
18:54:49 [[31merror[39m] read ECONNRESET
19:08:49 [[31merror[39m] read ECONNRESET
22:49:26 [[31merror[39m] read ECONNRESET
23:49:34 [[31merror[39m] read ECONNRESET
00:16:40 [[31merror[39m] read ECONNRESET
00:30:28 [[31merror[39m] read ECONNRESET
01:11:01 [[31merror[39m] read ECONNRESET
01:16:57 [[31merror[39m] read ECONNRESET
01:35:11 [[31merror[39m] read ECONNRESET
03:23:14 [[31merror[39m] read ECONNRESET
03:52:03 [[31merror[39m] Connection timeout
04:28:06 [[31merror[39m] read ECONNRESET
04:39:03 [[31merror[39m] read ECONNRESET
04:51:34 [[31merror[39m] read ECONNRESET
05:02:31 [[31merror[39m] read ECONNRESET
05:26:46 [[31merror[39m] read ECONNRESET
00:36:33 [[31merror[39m] read ECONNRESET
00:42:44 [[31merror[39m] read ECONNRESET
00:53:59 [[31merror[39m] read ECONNRESET
01:12:09 [[31merror[39m] read ECONNRESET
01:25:17 [[31merror[39m] read ECONNRESET
04:04:13 [[31merror[39m] read ECONNRESET
04:04:18 [[31merror[39m] Connection timeout
04:27:48 [[31merror[39m] read ECONNRESET
04:38:44 [[31merror[39m] read ECONNRESET
>>>>>>> Stashed changes
11:45:16 [[31merror[39m] read ECONNRESET
11:51:12 [[31merror[39m] read ECONNRESET
14:10:17 [[31merror[39m] read ECONNRESET
14:38:35 [[31merror[39m] read ECONNRESET
02:00:26 [[31merror[39m] read ECONNRESET
02:21:26 [[31merror[39m] read ECONNRESET
03:40:31 [[31merror[39m] read ECONNRESET
04:03:44 [[31merror[39m] read ECONNRESET
05:06:28 [[31merror[39m] read ECONNRESET
05:50:26 [[31merror[39m] read ECONNRESET
06:26:35 [[31merror[39m] read ECONNRESET
06:51:48 [[31merror[39m] read ECONNRESET
20:17:38 [[31merror[39m] read ECONNRESET
20:35:36 [[31merror[39m] read ECONNRESET
20:58:51 [[31merror[39m] read ECONNRESET
21:11:55 [[31merror[39m] read ECONNRESET
21:22:52 [[31merror[39m] read ECONNRESET
23:51:14 [[31merror[39m] read ECONNRESET
00:58:53 [[31merror[39m] read ECONNRESET
02:09:07 [[31merror[39m] read ECONNRESET
02:36:05 [[31merror[39m] read ECONNRESET
02:49:24 [[31merror[39m] read ECONNRESET
03:38:44 [[31merror[39m] read ECONNRESET
05:05:38 [[31merror[39m] read ECONNRESET
05:16:35 [[31merror[39m] read ECONNRESET
06:01:58 [[31merror[39m] read ECONNRESET
06:15:16 [[31merror[39m] read ECONNRESET
06:44:13 [[31merror[39m] read ECONNRESET
07:17:33 [[31merror[39m] read ECONNRESET
07:35:32 [[31merror[39m] read ECONNRESET
08:02:57 [[31merror[39m] read ECONNRESET
14:12:22 [[31merror[39m] read ECONNRESET
14:18:18 [[31merror[39m] read ECONNRESET
13:55:04 [[31merror[39m] read ECONNRESET
14:29:09 [[31merror[39m] read ECONNRESET
14:35:34 [[31merror[39m] read ECONNRESET
14:42:46 [[31merror[39m] read ECONNRESET
18:42:31 [[31merror[39m] read ECONNRESET
18:51:59 [[31merror[39m] read ECONNRESET
18:58:03 [[31merror[39m] read ECONNRESET
19:05:41 [[31merror[39m] read ECONNRESET
19:14:17 [[31merror[39m] read ECONNRESET
16:46:08 [[31merror[39m] An Error while trying to connect to databse ==> Error: connect ETIMEDOUT
